# JRE version: Java(TM) SE Runtime Environment (11.0.6+8) (build 11.0.6+8-LTS)
# Java VM: Java HotSpot(TM) 64-Bit Server VM (11.0.6+8-LTS, mixed mode, tiered, compressed oops, g1 gc, windows-amd64)
Heap:
 garbage-first heap   total 63488K, used 28093K [0x00000000c2c00000, 0x0000000100000000)
  region size 1024K, 19 young (19456K), 1 survivors (1024K)
 Metaspace       used 28784K, capacity 29269K, committed 29568K, reserved 1075200K
  class space    used 3126K, capacity 3331K, committed 3456K, reserved 1048576K
GC Heap History (10 events):
Event: 1.765 GC heap before
{Heap before GC invocations=1 (full 0):
 garbage-first heap   total 63488K, used 7789K [0x00000000c2c00000, 0x0000000100000000)
  region size 1024K, 3 young (3072K), 1 survivors (1024K)
 Metaspace       used 8994K, capacity 9144K, committed 9344K, reserved 1058816K
  class space    used 832K, capacity 874K, committed 896K, reserved 1048576K
}
Event: 1.775 GC heap after
{Heap after GC invocations=2 (full 0):
 garbage-first heap   total 63488K, used 6165K [0x00000000c2c00000, 0x0000000100000000)
  region size 1024K, 1 young (1024K), 1 survivors (1024K)
 Metaspace       used 8994K, capacity 9144K, committed 9344K, reserved 1058816K
  class space    used 832K, capacity 874K, committed 896K, reserved 1048576K
}
Event: 4.276 GC heap before
{Heap before GC invocations=2 (full 0):
 garbage-first heap   total 63488K, used 15381K [0x00000000c2c00000, 0x0000000100000000)
  region size 1024K, 10 young (10240K), 1 survivors (1024K)
 Metaspace       used 14791K, capacity 15050K, committed 15232K, reserved 1062912K
  class space    used 1478K, capacity 1566K, committed 1664K, reserved 1048576K
}
Event: 4.285 GC heap after
{Heap after GC invocations=3 (full 0):
 garbage-first heap   total 63488K, used 7945K [0x00000000c2c00000, 0x0000000100000000)
  region size 1024K, 2 young (2048K), 2 survivors (2048K)
 Metaspace       used 14791K, capacity 15050K, committed 15232K, reserved 1062912K
  class space    used 1478K, capacity 1566K, committed 1664K, reserved 1048576K
}
Event: 5.878 GC heap before
{Heap before GC invocations=3 (full 0):
 garbage-first heap   total 63488K, used 21257K [0x00000000c2c00000, 0x0000000100000000)
  region size 1024K, 16 young (16384K), 2 survivors (2048K)
 Metaspace       used 20761K, capacity 21103K, committed 21248K, reserved 1069056K
  class space    used 2144K, capacity 2286K, committed 2304K, reserved 1048576K
}
Event: 5.888 GC heap after
{Heap after GC invocations=4 (full 0):
 garbage-first heap   total 63488K, used 9751K [0x00000000c2c00000, 0x0000000100000000)
  region size 1024K, 2 young (2048K), 2 survivors (2048K)
 Metaspace       used 20761K, capacity 21103K, committed 21248K, reserved 1069056K
  class space    used 2144K, capacity 2286K, committed 2304K, reserved 1048576K
}
Event: 5.927 GC heap before
{Heap before GC invocations=4 (full 0):
 garbage-first heap   total 63488K, used 9751K [0x00000000c2c00000, 0x0000000100000000)
  region size 1024K, 3 young (3072K), 2 survivors (2048K)
 Metaspace       used 20883K, capacity 21167K, committed 21248K, reserved 1069056K
  class space    used 2158K, capacity 2286K, committed 2304K, reserved 1048576K
}
Event: 5.932 GC heap after
{Heap after GC invocations=5 (full 0):
 garbage-first heap   total 63488K, used 9955K [0x00000000c2c00000, 0x0000000100000000)
  region size 1024K, 1 young (1024K), 1 survivors (1024K)
 Metaspace       used 20883K, capacity 21167K, committed 21248K, reserved 1069056K
  class space    used 2158K, capacity 2286K, committed 2304K, reserved 1048576K
}
Event: 6.994 GC heap before
{Heap before GC invocations=6 (full 0):
 garbage-first heap   total 63488K, used 28387K [0x00000000c2c00000, 0x0000000100000000)
  region size 1024K, 19 young (19456K), 1 survivors (1024K)
 Metaspace       used 25221K, capacity 25690K, committed 25984K, reserved 1073152K
  class space    used 2677K, capacity 2887K, committed 2944K, reserved 1048576K
}
Event: 6.999 GC heap after
{Heap after GC invocations=7 (full 0):
 garbage-first heap   total 63488K, used 10685K [0x00000000c2c00000, 0x0000000100000000)
  region size 1024K, 1 young (1024K), 1 survivors (1024K)
 Metaspace       used 25221K, capacity 25690K, committed 25984K, reserved 1073152K
  class space    used 2677K, capacity 2887K, committed 2944K, reserved 1048576K
}

